[0m23:52:56.012581 [debug] [MainThread]: Sending event: {'category': 'dbt', 'action': 'invocation', 'label': 'start', 'context': [<snowplow_tracker.self_describing_json.SelfDescribingJson object at 0x000001E1F1E1D400>, <snowplow_tracker.self_describing_json.SelfDescribingJson object at 0x000001E1EFC682D0>, <snowplow_tracker.self_describing_json.SelfDescribingJson object at 0x000001E1F286AD50>]}


============================== 23:52:56.049397 | 475471cd-8fa9-429c-a599-98169aa76b20 ==============================
[0m23:52:56.049397 [info ] [MainThread]: Running with dbt=1.9.4
[0m23:52:56.051243 [debug] [MainThread]: running dbt with arguments {'printer_width': '80', 'indirect_selection': 'eager', 'write_json': 'True', 'log_cache_events': 'False', 'partial_parse': 'True', 'cache_selected_only': 'False', 'profiles_dir': 'C:\\Users\\Yann\\.dbt', 'fail_fast': 'False', 'debug': 'False', 'log_path': 'logs', 'version_check': 'True', 'warn_error': 'None', 'use_colors': 'True', 'use_experimental_parser': 'False', 'empty': 'None', 'quiet': 'False', 'no_print': 'None', 'log_format': 'default', 'introspect': 'True', 'warn_error_options': 'WarnErrorOptions(include=[], exclude=[])', 'invocation_command': 'dbt init optifund', 'target_path': 'None', 'static_parser': 'True', 'send_anonymous_usage_stats': 'True'}
[0m23:52:56.117151 [warn ] [MainThread]: [ConfigFolderDirectory]: Unable to parse logging event dictionary. Failed to parse dir field: expected string or bytes-like object, got 'WindowsPath'.. Dictionary: {'dir': WindowsPath('C:/Users/Yann/.dbt')}
[0m23:52:56.118209 [info ] [MainThread]: Creating dbt configuration folder at 
[0m23:52:56.124290 [debug] [MainThread]: Starter project path: C:\Users\Yann\.virtualenvs\OptiFund-Data-Driven-Portfolio-Optimizatio-oIu7QAs6\Lib\site-packages\dbt\include\starter_project
[0m23:52:56.181801 [info ] [MainThread]: 
Your new dbt project "optifund" was created!

For more information on how to configure the profiles.yml file,
please consult the dbt documentation here:

  https://docs.getdbt.com/docs/configure-your-profile

One more thing:

Need help? Don't hesitate to reach out to us via GitHub issues or on Slack:

  https://community.getdbt.com/

Happy modeling!

[0m23:52:56.183547 [info ] [MainThread]: Setting up your profile.
[0m23:59:53.310869 [info ] [MainThread]: Profile optifund written to C:\Users\Yann\.dbt\profiles.yml using target's profile_template.yml and your supplied values. Run 'dbt debug' to validate the connection.
[0m23:59:53.314491 [debug] [MainThread]: Command `dbt init` succeeded at 23:59:53.314133 after 417.56 seconds
[0m23:59:53.315565 [debug] [MainThread]: Sending event: {'category': 'dbt', 'action': 'invocation', 'label': 'end', 'context': [<snowplow_tracker.self_describing_json.SelfDescribingJson object at 0x000001E1868B7E10>, <snowplow_tracker.self_describing_json.SelfDescribingJson object at 0x000001E1F2CE5250>, <snowplow_tracker.self_describing_json.SelfDescribingJson object at 0x000001E186896E00>]}
[0m23:59:53.316582 [debug] [MainThread]: Flushing usage events
[0m23:59:53.845064 [debug] [MainThread]: An error was encountered while trying to flush usage events
